<?xml version="1.0" encoding="UTF-8" ?>
<testsuite tests="17" failures="0" name="com.revature.JDBCBank.JDBCBankingTest" time="2.731" errors="0" skipped="0">
  <properties>
[...]
</properties>
  <testcase classname="com.revature.JDBCBank.JDBCBankingTest" name="testFailToGetAccountofUnregisteredUser" time="1.742"/>
  <testcase classname="com.revature.JDBCBank.JDBCBankingTest" name="testFailDepositIntoUnownedAccount" time="0.075"/>
  <testcase classname="com.revature.JDBCBank.JDBCBankingTest" name="testFailWithdrawInsufficientFunds" time="0.053"/>
  <testcase classname="com.revature.JDBCBank.JDBCBankingTest" name="testGetAllUsers" time="0.026"/>
  <testcase classname="com.revature.JDBCBank.JDBCBankingTest" name="testWithdrawFromAccount" time="0.104"/>
  <testcase classname="com.revature.JDBCBank.JDBCBankingTest" name="testFailLoginWithWrongPassword" time="0.02"/>
  <testcase classname="com.revature.JDBCBank.JDBCBankingTest" name="testLoginAsMember" time="0.019"/>
  <testcase classname="com.revature.JDBCBank.JDBCBankingTest" name="testFailTransferInsufficientFunds" time="0.088"/>
  <testcase classname="com.revature.JDBCBank.JDBCBankingTest" name="testFailtoRetrieveAccountsofaUserWithNoAccounts" time="0.018"/>
  <testcase classname="com.revature.JDBCBank.JDBCBankingTest" name="testFailTransferFromUnownedAccount" time="0.132"/>
  <testcase classname="com.revature.JDBCBank.JDBCBankingTest" name="testGetAllAccountsofaUser" time="0.02"/>
  <testcase classname="com.revature.JDBCBank.JDBCBankingTest" name="testTransferBetweenAccounts" time="0.217"/>
  <testcase classname="com.revature.JDBCBank.JDBCBankingTest" name="testFailLoginWithUnregisteredAccount" time="0.018"/>
  <testcase classname="com.revature.JDBCBank.JDBCBankingTest" name="testDepositIntoAccount" time="0.099"/>
  <testcase classname="com.revature.JDBCBank.JDBCBankingTest" name="testFailWithdrawFromUnownedAccount" time="0.053"/>
  <testcase classname="com.revature.JDBCBank.JDBCBankingTest" name="testLoginAsModerator" time="0.024"/>
  <testcase classname="com.revature.JDBCBank.JDBCBankingTest" name="testFailLoginWithWrongUsername" time="0.023"/>
</testsuite>